<?xml version="1.0" encoding="utf-8"?><testsuites name="pytest tests"><testsuite name="pytest" errors="0" failures="0" skipped="0" tests="9" time="3.423" timestamp="2026-05-09T17:09:36.715482+00:00" hostname="agent-env-aa350561-b2df-44ed-9054-1ede6ee72de2"><testcase classname="backend.tests.test_iter10_billing.TestMasterBilling" name="test_get_master_billing" time="0.621" /><testcase classname="backend.tests.test_iter10_billing.TestMasterBilling" name="test_patch_master_billing_persists" time="0.249" /><testcase classname="backend.tests.test_iter10_billing.TestMasterBilling" name="test_master_billing_403_for_vendor" time="0.682" /><testcase classname="backend.tests.test_iter10_billing.TestBillingQR" name="test_qr_png_when_set" time="0.272" /><testcase classname="backend.tests.test_iter10_billing.TestBillingQR" name="test_qr_png_404_when_empty" time="0.322" /><testcase classname="backend.tests.test_iter10_billing.TestVendorBilling" name="test_vendor_billing_active" time="0.501" /><testcase classname="backend.tests.test_iter10_billing.TestVendorBilling" name="test_vendor_billing_expired_after_master_patch" time="0.230" /><testcase classname="backend.tests.test_iter10_billing.TestVendorBilling" name="test_vendor_billing_active_false" time="0.226" /><testcase classname="backend.tests.test_iter10_billing" name="test_zz_restore_state" time="0.242" /></testsuite></testsuites>