<?xml version="1.0" encoding="utf-8"?><testsuites name="pytest tests"><testsuite name="pytest" errors="0" failures="0" skipped="0" tests="17" time="5.262" timestamp="2026-05-08T12:10:46.141408+00:00" hostname="agent-env-aa350561-b2df-44ed-9054-1ede6ee72de2"><testcase classname="backend.tests.test_iter6_features.TestVapid" name="test_public_key_endpoint" time="0.601" /><testcase classname="backend.tests.test_iter6_features.TestPushFlow" name="test_unauthenticated_subscribe_401" time="0.177" /><testcase classname="backend.tests.test_iter6_features.TestPushFlow" name="test_subscribe_idempotent_upsert" time="0.282" /><testcase classname="backend.tests.test_iter6_features.TestPushFlow" name="test_push_test_endpoint" time="0.158" /><testcase classname="backend.tests.test_iter6_features.TestPushFlow" name="test_unsubscribe" time="0.152" /><testcase classname="backend.tests.test_iter6_features.TestPushFlow" name="test_push_test_zero_subs" time="0.273" /><testcase classname="backend.tests.test_iter6_features.TestNightPricing" name="test_enable_then_storefront_reflects" time="0.257" /><testcase classname="backend.tests.test_iter6_features.TestNightPricing" name="test_server_ignores_client_price" time="0.353" /><testcase classname="backend.tests.test_iter6_features.TestNightPricing" name="test_disable_reverts_prices" time="0.224" /><testcase classname="backend.tests.test_iter6_features.TestBulkImport" name="test_unauthenticated_401" time="0.130" /><testcase classname="backend.tests.test_iter6_features.TestBulkImport" name="test_partial_success" time="0.604" /><testcase classname="backend.tests.test_iter6_features.TestBulkImport" name="test_replace_existing_wipes" time="0.538" /><testcase classname="backend.tests.test_iter6_features.TestBulkImport" name="test_reseed_after_replace" time="0.337" /><testcase classname="backend.tests.test_iter6_features.TestRegression" name="test_storefront_loads" time="0.100" /><testcase classname="backend.tests.test_iter6_features.TestRegression" name="test_upi_5digit_required" time="0.225" /><testcase classname="backend.tests.test_iter6_features.TestRegression" name="test_vendor_role_cannot_access_master" time="0.152" /><testcase classname="backend.tests.test_iter6_features.TestRegression" name="test_master_role_cannot_access_vendor" time="0.608" /></testsuite></testsuites>