<?xml version="1.0" encoding="utf-8"?><testsuites name="pytest tests"><testsuite name="pytest" errors="0" failures="0" skipped="0" tests="14" time="8.171" timestamp="2026-05-09T17:54:02.619126+00:00" hostname="agent-env-aa350561-b2df-44ed-9054-1ede6ee72de2"><testcase classname="backend.tests.test_iter11_features.TestMasterPayments" name="test_record_payment_extends_expiry_and_persists" time="1.021" /><testcase classname="backend.tests.test_iter11_features.TestMasterPayments" name="test_list_payments" time="0.222" /><testcase classname="backend.tests.test_iter11_features.TestMasterPayments" name="test_vendor_role_403_on_payments" time="0.770" /><testcase classname="backend.tests.test_iter11_features.TestVendorTos" name="test_create_vendor_requires_signature" time="0.152" /><testcase classname="backend.tests.test_iter11_features.TestVendorTos" name="test_create_vendor_with_signature_persists" time="0.600" /><testcase classname="backend.tests.test_iter11_features.TestMultiVendorIsolation" name="test_storefronts_return_distinct_products" time="0.875" /><testcase classname="backend.tests.test_iter11_features.TestEnabledCategoriesFilter" name="test_storefront_filters_when_only_liquor_enabled" time="0.673" /><testcase classname="backend.tests.test_iter11_features.TestOffers" name="test_vendor_creates_offer_and_duplicate_rejected" time="0.505" /><testcase classname="backend.tests.test_iter11_features.TestOffers" name="test_offer_validation_invalid_percent_and_flat" time="0.209" /><testcase classname="backend.tests.test_iter11_features.TestOffers" name="test_storefront_validate_offer" time="0.401" /><testcase classname="backend.tests.test_iter11_features.TestOffers" name="test_master_offers_crud" time="0.656" /><testcase classname="backend.tests.test_iter11_features.TestOffers" name="test_vendor_role_cannot_use_master_offers" time="0.312" /><testcase classname="backend.tests.test_iter11_features.TestOrderWithOffer" name="test_order_applies_offer_and_increments_uses" time="0.884" /><testcase classname="backend.tests.test_iter11_features" name="test_zz_restore_state" time="0.798" /></testsuite></testsuites>