<?xml version="1.0" encoding="utf-8"?><testsuites name="pytest tests"><testsuite name="pytest" errors="0" failures="0" skipped="0" tests="49" time="14.720" timestamp="2026-05-08T10:33:23.367749+00:00" hostname="agent-env-aa350561-b2df-44ed-9054-1ede6ee72de2"><testcase classname="backend.tests.test_iter4_features.TestChangePassword" name="test_unauthenticated_401" time="0.142" /><testcase classname="backend.tests.test_iter4_features.TestChangePassword" name="test_short_new_password_400" time="0.429" /><testcase classname="backend.tests.test_iter4_features.TestChangePassword" name="test_wrong_current_password_401" time="0.325" /><testcase classname="backend.tests.test_iter4_features.TestChangePassword" name="test_valid_change_then_old_fails_then_revert" time="2.118" /><testcase classname="backend.tests.test_iter4_features.TestVendorUploads" name="test_unauth_post_401" time="0.108" /><testcase classname="backend.tests.test_iter4_features.TestVendorUploads" name="test_master_role_blocked_403" time="0.434" /><testcase classname="backend.tests.test_iter4_features.TestVendorUploads" name="test_bad_mime_400" time="0.127" /><testcase classname="backend.tests.test_iter4_features.TestVendorUploads" name="test_oversize_400" time="0.475" /><testcase classname="backend.tests.test_iter4_features.TestVendorUploads" name="test_empty_file_400" time="0.125" /><testcase classname="backend.tests.test_iter4_features.TestVendorUploads" name="test_valid_png_round_trip" time="0.208" /><testcase classname="backend.tests.test_iter4_features.TestVendorUploads" name="test_valid_jpeg_accepted" time="0.203" /><testcase classname="backend.tests.test_iter4_features.TestVendorUploads" name="test_unknown_id_404" time="0.104" /><testcase classname="backend.tests.test_iter4_features.TestUploadIntegratedWithProducts" name="test_create_product_with_uploaded_image" time="0.562" /><testcase classname="backend.tests.test_iter4_features.TestUploadIntegratedWithProducts" name="test_update_store_qr_with_uploaded_image" time="0.544" /><testcase classname="backend.tests.test_multitenant" name="test_root" time="0.105" /><testcase classname="backend.tests.test_multitenant.TestStorefront" name="test_storefront_exists_and_open" time="0.066" /><testcase classname="backend.tests.test_multitenant.TestStorefront" name="test_unknown_slug_404" time="0.049" /><testcase classname="backend.tests.test_multitenant.TestOrders" name="test_upi_missing_last5_400" time="0.105" /><testcase classname="backend.tests.test_multitenant.TestOrders" name="test_upi_bad_length_400" time="0.053" /><testcase classname="backend.tests.test_multitenant.TestOrders" name="test_upi_valid_returns_short_id_and_token" time="0.099" /><testcase classname="backend.tests.test_multitenant.TestOrders" name="test_cod_starts_accepted" time="0.051" /><testcase classname="backend.tests.test_multitenant.TestOrders" name="test_liquor_min_1000_enforced" time="0.048" /><testcase classname="backend.tests.test_multitenant.TestOrders" name="test_empty_cart_400" time="0.047" /><testcase classname="backend.tests.test_multitenant.TestOrders" name="test_unknown_vendor_404" time="0.048" /><testcase classname="backend.tests.test_multitenant.TestOrders" name="test_track_unknown_token_404" time="0.047" /><testcase classname="backend.tests.test_multitenant.TestAuth" name="test_master_login" time="0.284" /><testcase classname="backend.tests.test_multitenant.TestAuth" name="test_vendor_login" time="0.283" /><testcase classname="backend.tests.test_multitenant.TestAuth" name="test_invalid_password" time="0.285" /><testcase classname="backend.tests.test_multitenant.TestAuth" name="test_me_master" time="2.631" /><testcase classname="backend.tests.test_multitenant.TestAuth" name="test_me_vendor" time="0.748" /><testcase classname="backend.tests.test_multitenant.TestAuth" name="test_no_auth_returns_401" time="0.369" /><testcase classname="backend.tests.test_multitenant.TestAuth" name="test_vendor_cannot_hit_master_403" time="0.351" /><testcase classname="backend.tests.test_multitenant.TestAuth" name="test_master_cannot_hit_vendor_403" time="0.618" /><testcase classname="backend.tests.test_multitenant.TestMaster" name="test_master_stats" time="0.060" /><testcase classname="backend.tests.test_multitenant.TestMaster" name="test_master_list_vendors_includes_demo" time="0.052" /><testcase classname="backend.tests.test_multitenant.TestMaster" name="test_master_orders_has_vendor_name" time="0.048" /><testcase classname="backend.tests.test_multitenant.TestMaster" name="test_create_vendor_requires_tos" time="0.044" /><testcase classname="backend.tests.test_multitenant.TestMaster" name="test_create_then_deactivate_then_reactivate" time="0.740" /><testcase classname="backend.tests.test_multitenant.TestMaster" name="test_create_vendor_duplicate_slug_400" time="0.045" /><testcase classname="backend.tests.test_multitenant.TestVendor" name="test_vendor_me" time="0.079" /><testcase classname="backend.tests.test_multitenant.TestVendor" name="test_vendor_stats_shape" time="0.052" /><testcase classname="backend.tests.test_multitenant.TestVendor" name="test_vendor_list_orders_only_own" time="0.096" /><testcase classname="backend.tests.test_multitenant.TestVendor" name="test_vendor_filter_orders" time="0.046" /><testcase classname="backend.tests.test_multitenant.TestVendor" name="test_vendor_categories_subgroups" time="0.102" /><testcase classname="backend.tests.test_multitenant.TestVendor" name="test_vendor_products_list_count" time="0.051" /><testcase classname="backend.tests.test_multitenant.TestVendor" name="test_vendor_products_crud" time="0.365" /><testcase classname="backend.tests.test_multitenant.TestVendor" name="test_vendor_store_toggle_open_close" time="0.194" /><testcase classname="backend.tests.test_multitenant.TestVendor" name="test_vendor_cannot_set_subscription" time="0.049" /><testcase classname="backend.tests.test_multitenant.TestVendor" name="test_vendor_order_status_transition" time="0.398" /></testsuite></testsuites>