<?xml version="1.0" encoding="utf-8"?><testsuites name="pytest tests"><testsuite name="pytest" errors="0" failures="0" skipped="1" tests="12" time="5.763" timestamp="2026-05-09T12:48:17.106400+00:00" hostname="agent-env-aa350561-b2df-44ed-9054-1ede6ee72de2"><testcase classname="backend.tests.test_iter8_features.TestStorefrontQR" name="test_qr_png_returns_valid_png" time="0.134" /><testcase classname="backend.tests.test_iter8_features.TestStorefrontQR" name="test_qr_size_param" time="0.110" /><testcase classname="backend.tests.test_iter8_features.TestStorefrontQR" name="test_qr_size_clamped" time="0.111" /><testcase classname="backend.tests.test_iter8_features.TestStorefrontQR" name="test_qr_unknown_slug_404" time="0.112" /><testcase classname="backend.tests.test_iter8_features.TestPasswordMustChange" name="test_master_seed_flag_present" time="0.430" /><testcase classname="backend.tests.test_iter8_features.TestPasswordMustChange" name="test_vendor_seed_flag_present" time="0.418"><skipped type="pytest.skip" message="vendor password_must_change=False (changed earlier)">/app/backend/tests/test_iter8_features.py:95: vendor password_must_change=False (changed earlier)</skipped></testcase><testcase classname="backend.tests.test_iter8_features.TestPasswordMustChange" name="test_change_password_clears_flag_and_revert" time="2.472" /><testcase classname="backend.tests.test_iter8_features.TestNewVendorOnboarding" name="test_new_vendor_admin_user_must_change" time="1.186" /><testcase classname="backend.tests.test_iter8_features.TestCORS" name="test_preflight_allows_all_origins_without_credentials" time="0.066" /><testcase classname="backend.tests.test_iter8_features.TestFreshLogin" name="test_fresh_login_works" time="0.462" /><testcase classname="backend.tests.test_iter8_features.TestPWAStatic" name="test_root_manifest" time="0.100" /><testcase classname="backend.tests.test_iter8_features.TestPWAStatic" name="test_service_worker" time="0.101" /></testsuite></testsuites>