<?xml version="1.0" encoding="utf-8"?><testsuites name="pytest tests"><testsuite name="pytest" errors="0" failures="0" skipped="0" tests="14" time="128.264" timestamp="2026-05-08T12:37:11.213542+00:00" hostname="agent-env-aa350561-b2df-44ed-9054-1ede6ee72de2"><testcase classname="backend.tests.test_iter7_features.TestAnalyticsAuth" name="test_unauthenticated_401" time="0.476" /><testcase classname="backend.tests.test_iter7_features.TestAnalyticsAuth" name="test_master_role_403" time="0.456" /><testcase classname="backend.tests.test_iter7_features.TestAnalyticsPayload" name="test_payload_shape_default_30" time="0.116" /><testcase classname="backend.tests.test_iter7_features.TestAnalyticsPayload" name="test_days_clamped_low" time="0.121" /><testcase classname="backend.tests.test_iter7_features.TestAnalyticsPayload" name="test_days_clamped_high" time="0.115" /><testcase classname="backend.tests.test_iter7_features.TestAnalyticsPayload" name="test_days_passthrough_7" time="0.106" /><testcase classname="backend.tests.test_iter7_features.TestReverseGeocode" name="test_invalid_lat" time="0.103" /><testcase classname="backend.tests.test_iter7_features.TestReverseGeocode" name="test_invalid_lng" time="0.110" /><testcase classname="backend.tests.test_iter7_features.TestReverseGeocode" name="test_valid_bangalore" time="0.234" /><testcase classname="backend.tests.test_iter7_features.TestOrdersRateLimit" name="test_3_succeed_then_429" time="62.726" /><testcase classname="backend.tests.test_iter7_features.TestPricingAnalyticsIntegration" name="test_night_uplift_visible" time="63.006" /><testcase classname="backend.tests.test_iter7_features.TestRegression" name="test_storefront_loads" time="0.147" /><testcase classname="backend.tests.test_iter7_features.TestRegression" name="test_vapid_public_key" time="0.111" /><testcase classname="backend.tests.test_iter7_features.TestRegression" name="test_role_isolation" time="0.370" /></testsuite></testsuites>