<?xml version="1.0" encoding="utf-8"?><testsuites name="pytest tests"><testsuite name="pytest" errors="0" failures="0" skipped="0" tests="6" time="2.335" timestamp="2026-05-09T16:50:34.677675+00:00" hostname="agent-env-aa350561-b2df-44ed-9054-1ede6ee72de2"><testcase classname="backend.tests.test_delivery_handoff.TestDeliveryHandoff" name="test_unknown_token_404" time="0.221" /><testcase classname="backend.tests.test_delivery_handoff.TestDeliveryHandoff" name="test_post_unknown_token_404" time="0.159" /><testcase classname="backend.tests.test_delivery_handoff.TestDeliveryHandoff" name="test_dispatchable_order_exposes_token" time="0.655" /><testcase classname="backend.tests.test_delivery_handoff.TestDeliveryHandoff" name="test_get_delivery_actionable_payload" time="0.253" /><testcase classname="backend.tests.test_delivery_handoff.TestDeliveryHandoff" name="test_mark_delivered_happy_path_then_409" time="0.575" /><testcase classname="backend.tests.test_delivery_handoff.TestDeliveryHandoff" name="test_get_for_non_dispatchable_status_returns_actionable_false" time="0.403" /></testsuite></testsuites>