<?xml version="1.0" encoding="utf-8"?><testsuites name="pytest tests"><testsuite name="pytest" errors="0" failures="0" skipped="0" tests="35" time="5.556" timestamp="2026-05-08T10:15:29.859721+00:00" hostname="agent-env-aa350561-b2df-44ed-9054-1ede6ee72de2"><testcase classname="backend.tests.test_multitenant" name="test_root" time="0.216" /><testcase classname="backend.tests.test_multitenant.TestStorefront" name="test_storefront_exists_and_open" time="0.056" /><testcase classname="backend.tests.test_multitenant.TestStorefront" name="test_unknown_slug_404" time="0.049" /><testcase classname="backend.tests.test_multitenant.TestOrders" name="test_upi_missing_last5_400" time="0.110" /><testcase classname="backend.tests.test_multitenant.TestOrders" name="test_upi_bad_length_400" time="0.046" /><testcase classname="backend.tests.test_multitenant.TestOrders" name="test_upi_valid_returns_short_id_and_token" time="0.107" /><testcase classname="backend.tests.test_multitenant.TestOrders" name="test_cod_starts_accepted" time="0.061" /><testcase classname="backend.tests.test_multitenant.TestOrders" name="test_liquor_min_1000_enforced" time="0.064" /><testcase classname="backend.tests.test_multitenant.TestOrders" name="test_empty_cart_400" time="0.055" /><testcase classname="backend.tests.test_multitenant.TestOrders" name="test_unknown_vendor_404" time="0.045" /><testcase classname="backend.tests.test_multitenant.TestOrders" name="test_track_unknown_token_404" time="0.047" /><testcase classname="backend.tests.test_multitenant.TestAuth" name="test_master_login" time="0.286" /><testcase classname="backend.tests.test_multitenant.TestAuth" name="test_vendor_login" time="0.268" /><testcase classname="backend.tests.test_multitenant.TestAuth" name="test_invalid_password" time="0.273" /><testcase classname="backend.tests.test_multitenant.TestAuth" name="test_me_master" time="0.380" /><testcase classname="backend.tests.test_multitenant.TestAuth" name="test_me_vendor" time="0.371" /><testcase classname="backend.tests.test_multitenant.TestAuth" name="test_no_auth_returns_401" time="0.138" /><testcase classname="backend.tests.test_multitenant.TestAuth" name="test_vendor_cannot_hit_master_403" time="0.139" /><testcase classname="backend.tests.test_multitenant.TestAuth" name="test_master_cannot_hit_vendor_403" time="0.195" /><testcase classname="backend.tests.test_multitenant.TestMaster" name="test_master_stats" time="0.048" /><testcase classname="backend.tests.test_multitenant.TestMaster" name="test_master_list_vendors_includes_demo" time="0.047" /><testcase classname="backend.tests.test_multitenant.TestMaster" name="test_master_orders_has_vendor_name" time="0.047" /><testcase classname="backend.tests.test_multitenant.TestMaster" name="test_create_vendor_requires_tos" time="0.048" /><testcase classname="backend.tests.test_multitenant.TestMaster" name="test_create_then_deactivate_then_reactivate" time="0.748" /><testcase classname="backend.tests.test_multitenant.TestMaster" name="test_create_vendor_duplicate_slug_400" time="0.045" /><testcase classname="backend.tests.test_multitenant.TestVendor" name="test_vendor_me" time="0.044" /><testcase classname="backend.tests.test_multitenant.TestVendor" name="test_vendor_stats_shape" time="0.048" /><testcase classname="backend.tests.test_multitenant.TestVendor" name="test_vendor_list_orders_only_own" time="0.093" /><testcase classname="backend.tests.test_multitenant.TestVendor" name="test_vendor_filter_orders" time="0.049" /><testcase classname="backend.tests.test_multitenant.TestVendor" name="test_vendor_categories_subgroups" time="0.093" /><testcase classname="backend.tests.test_multitenant.TestVendor" name="test_vendor_products_list_count" time="0.046" /><testcase classname="backend.tests.test_multitenant.TestVendor" name="test_vendor_products_crud" time="0.469" /><testcase classname="backend.tests.test_multitenant.TestVendor" name="test_vendor_store_toggle_open_close" time="0.211" /><testcase classname="backend.tests.test_multitenant.TestVendor" name="test_vendor_cannot_set_subscription" time="0.067" /><testcase classname="backend.tests.test_multitenant.TestVendor" name="test_vendor_order_status_transition" time="0.472" /></testsuite></testsuites>