<?xml version="1.0" encoding="utf-8"?><testsuites name="pytest tests"><testsuite name="pytest" errors="0" failures="0" skipped="0" tests="22" time="3.541" timestamp="2026-05-07T12:58:59.864424+00:00" hostname="agent-env-aa350561-b2df-44ed-9054-1ede6ee72de2"><testcase classname="backend.tests.test_admin.TestCatalog" name="test_catalog_returns_4_categories" time="0.161" /><testcase classname="backend.tests.test_admin.TestCatalog" name="test_catalog_has_subgroups_and_products" time="0.098" /><testcase classname="backend.tests.test_admin.TestPlaceOrder" name="test_place_order_returns_short_id_LC" time="0.068" /><testcase classname="backend.tests.test_admin.TestPlaceOrder" name="test_liquor_minimum_enforced" time="0.082" /><testcase classname="backend.tests.test_admin.TestPlaceOrder" name="test_liquor_min_passes_when_1000" time="0.072" /><testcase classname="backend.tests.test_admin.TestPlaceOrder" name="test_empty_cart_rejected" time="0.080" /><testcase classname="backend.tests.test_admin.TestAuth" name="test_login_success" time="0.302" /><testcase classname="backend.tests.test_admin.TestAuth" name="test_login_wrong_password_returns_401" time="0.087" /><testcase classname="backend.tests.test_admin.TestAuth" name="test_brute_force_lockout_429" time="0.432" /><testcase classname="backend.tests.test_admin.TestAuth" name="test_me_without_auth_401" time="0.068" /><testcase classname="backend.tests.test_admin.TestAuth" name="test_me_with_valid_token" time="0.473" /><testcase classname="backend.tests.test_admin.TestAdminProtection" name="test_endpoint_requires_auth[/api/admin/stats]" time="0.070" /><testcase classname="backend.tests.test_admin.TestAdminProtection" name="test_endpoint_requires_auth[/api/admin/orders]" time="0.084" /><testcase classname="backend.tests.test_admin.TestAdminProtection" name="test_endpoint_requires_auth[/api/admin/products]" time="0.066" /><testcase classname="backend.tests.test_admin.TestAdminProtection" name="test_endpoint_requires_auth[/api/admin/categories]" time="0.067" /><testcase classname="backend.tests.test_admin.TestAdminProtection" name="test_endpoint_requires_auth[/api/admin/subgroups]" time="0.071" /><testcase classname="backend.tests.test_admin.TestAdminStats" name="test_stats_shape" time="0.064" /><testcase classname="backend.tests.test_admin.TestAdminOrders" name="test_list_orders" time="0.063" /><testcase classname="backend.tests.test_admin.TestAdminOrders" name="test_list_with_filter_and_limit" time="0.069" /><testcase classname="backend.tests.test_admin.TestAdminOrders" name="test_status_update_and_invalid" time="0.270" /><testcase classname="backend.tests.test_admin.TestAdminProducts" name="test_categories_and_subgroups" time="0.126" /><testcase classname="backend.tests.test_admin.TestAdminProducts" name="test_product_crud_and_validation" time="0.575" /></testsuite></testsuites>